{"message":"expected one of `!`, `.`, `::`, `;`, `?`, `{`, `}`, or an operator, found `Ok`","code":null,"level":"error","spans":[{"file_name":"src/main.rs","byte_start":10360,"byte_end":10362,"line_start":235,"line_end":235,"column_start":16,"column_end":18,"is_primary":true,"text":[{"text":"        Return Ok(next_state, reward, done);","highlight_start":16,"highlight_end":18}],"label":"expected one of 8 possible tokens","suggested_replacement":null,"suggestion_applicability":null,"expansion":null}],"children":[],"rendered":"\u001b[0m\u001b[1m\u001b[38;5;9merror\u001b[0m\u001b[0m\u001b[1m: expected one of `!`, `.`, `::`, `;`, `?`, `{`, `}`, or an operator, found `Ok`\u001b[0m\n\u001b[0m   \u001b[0m\u001b[0m\u001b[1m\u001b[38;5;12m--> \u001b[0m\u001b[0msrc/main.rs:235:16\u001b[0m\n\u001b[0m    \u001b[0m\u001b[0m\u001b[1m\u001b[38;5;12m|\u001b[0m\n\u001b[0m\u001b[1m\u001b[38;5;12m235\u001b[0m\u001b[0m \u001b[0m\u001b[0m\u001b[1m\u001b[38;5;12m|\u001b[0m\u001b[0m \u001b[0m\u001b[0m        Return Ok(next_state, reward, done);\u001b[0m\n\u001b[0m    \u001b[0m\u001b[0m\u001b[1m\u001b[38;5;12m| \u001b[0m\u001b[0m               \u001b[0m\u001b[0m\u001b[1m\u001b[38;5;9m^^\u001b[0m\u001b[0m \u001b[0m\u001b[0m\u001b[1m\u001b[38;5;9mexpected one of 8 possible tokens\u001b[0m\n\n"}
{"message":"functions in traits cannot be declared `async`","code":{"code":"E0706","explanation":"`async fn`s are not yet supported in traits in Rust.\n\nErroneous code example:\n\n```compile_fail,edition2018\ntrait T {\n    // Neither case is currently supported.\n    async fn foo() {}\n    async fn bar(&self) {}\n}\n```\n\n`async fn`s return an `impl Future`, making the following two examples\nequivalent:\n\n```edition2018,ignore (example-of-desugaring-equivalence)\nasync fn foo() -> User {\n    unimplemented!()\n}\n// The async fn above gets desugared as follows:\nfn foo(&self) -> impl Future<Output = User> + '_ {\n    unimplemented!()\n}\n```\n\nBut when it comes to supporting this in traits, there are [a few implementation\nissues][async-is-hard]. One of them is returning `impl Trait` in traits is not\nsupported, as it would require [Generic Associated Types] to be supported:\n\n```edition2018,ignore (example-of-desugaring-equivalence)\nimpl MyDatabase {\n    async fn get_user(&self) -> User {\n        unimplemented!()\n    }\n}\n\nimpl MyDatabase {\n    fn get_user(&self) -> impl Future<Output = User> + '_ {\n        unimplemented!()\n    }\n}\n```\n\nUntil these issues are resolved, you can use the [`async-trait` crate], allowing\nyou to use `async fn` in traits by desugaring to \"boxed futures\"\n(`Pin<Box<dyn Future + Send + 'async>>`).\n\nNote that using these trait methods will result in a heap allocation\nper-function-call. This is not a significant cost for the vast majority of\napplications, but should be considered when deciding whether to use this\nfunctionality in the public API of a low-level function that is expected to be\ncalled millions of times a second.\n\nYou might be interested in visiting the [async book] for further information.\n\n[`async-trait` crate]: https://crates.io/crates/async-trait\n[async-is-hard]: https://smallcultfollowing.com/babysteps/blog/2019/10/26/async-fn-in-traits-are-hard/\n[Generic Associated Types]: https://github.com/rust-lang/rust/issues/44265\n[async book]: https://rust-lang.github.io/async-book/07_workarounds/05_async_in_traits.html\n"},"level":"error","spans":[{"file_name":"src/main.rs","byte_start":933,"byte_end":938,"line_start":21,"line_end":21,"column_start":5,"column_end":10,"is_primary":false,"text":[{"text":"    async fn step_real(&mut self, action: u16) -> io::Result<(u64, i16, bool)>;","highlight_start":5,"highlight_end":10}],"label":"`async` because of this","suggested_replacement":null,"suggestion_applicability":null,"expansion":null},{"file_name":"src/main.rs","byte_start":933,"byte_end":1008,"line_start":21,"line_end":21,"column_start":5,"column_end":80,"is_primary":true,"text":[{"text":"    async fn step_real(&mut self, action: u16) -> io::Result<(u64, i16, bool)>;","highlight_start":5,"highlight_end":80}],"label":null,"suggested_replacement":null,"suggestion_applicability":null,"expansion":null}],"children":[{"message":"`async` trait functions are not currently supported","code":null,"level":"note","spans":[],"children":[],"rendered":null},{"message":"consider using the `async-trait` crate: https://crates.io/crates/async-trait","code":null,"level":"note","spans":[],"children":[],"rendered":null},{"message":"see issue #91611 <https://github.com/rust-lang/rust/issues/91611> for more information","code":null,"level":"note","spans":[],"children":[],"rendered":null}],"rendered":"\u001b[0m\u001b[1m\u001b[38;5;9merror[E0706]\u001b[0m\u001b[0m\u001b[1m: functions in traits cannot be declared `async`\u001b[0m\n\u001b[0m  \u001b[0m\u001b[0m\u001b[1m\u001b[38;5;12m--> \u001b[0m\u001b[0msrc/main.rs:21:5\u001b[0m\n\u001b[0m   \u001b[0m\u001b[0m\u001b[1m\u001b[38;5;12m|\u001b[0m\n\u001b[0m\u001b[1m\u001b[38;5;12m21\u001b[0m\u001b[0m \u001b[0m\u001b[0m\u001b[1m\u001b[38;5;12m|\u001b[0m\u001b[0m \u001b[0m\u001b[0m    async fn step_real(&mut self, action: u16) -> io::Result<(u64, i16, bool)>;\u001b[0m\n\u001b[0m   \u001b[0m\u001b[0m\u001b[1m\u001b[38;5;12m| \u001b[0m\u001b[0m    \u001b[0m\u001b[0m\u001b[1m\u001b[38;5;12m-----\u001b[0m\u001b[0m\u001b[1m\u001b[38;5;9m^^^^^^^^^^^^^^^^^^^^^^^^^^^^^^^^^^^^^^^^^^^^^^^^^^^^^^^^^^^^^^^^^^^^^^\u001b[0m\n\u001b[0m   \u001b[0m\u001b[0m\u001b[1m\u001b[38;5;12m| \u001b[0m\u001b[0m    \u001b[0m\u001b[0m\u001b[1m\u001b[38;5;12m|\u001b[0m\n\u001b[0m   \u001b[0m\u001b[0m\u001b[1m\u001b[38;5;12m| \u001b[0m\u001b[0m    \u001b[0m\u001b[0m\u001b[1m\u001b[38;5;12m`async` because of this\u001b[0m\n\u001b[0m   \u001b[0m\u001b[0m\u001b[1m\u001b[38;5;12m|\u001b[0m\n\u001b[0m   \u001b[0m\u001b[0m\u001b[1m\u001b[38;5;12m= \u001b[0m\u001b[0m\u001b[1mnote\u001b[0m\u001b[0m: `async` trait functions are not currently supported\u001b[0m\n\u001b[0m   \u001b[0m\u001b[0m\u001b[1m\u001b[38;5;12m= \u001b[0m\u001b[0m\u001b[1mnote\u001b[0m\u001b[0m: consider using the `async-trait` crate: https://crates.io/crates/async-trait\u001b[0m\n\u001b[0m   \u001b[0m\u001b[0m\u001b[1m\u001b[38;5;12m= \u001b[0m\u001b[0m\u001b[1mnote\u001b[0m\u001b[0m: see issue #91611 <https://github.com/rust-lang/rust/issues/91611> for more information\u001b[0m\n\n"}
{"message":"functions in traits cannot be declared `async`","code":{"code":"E0706","explanation":"`async fn`s are not yet supported in traits in Rust.\n\nErroneous code example:\n\n```compile_fail,edition2018\ntrait T {\n    // Neither case is currently supported.\n    async fn foo() {}\n    async fn bar(&self) {}\n}\n```\n\n`async fn`s return an `impl Future`, making the following two examples\nequivalent:\n\n```edition2018,ignore (example-of-desugaring-equivalence)\nasync fn foo() -> User {\n    unimplemented!()\n}\n// The async fn above gets desugared as follows:\nfn foo(&self) -> impl Future<Output = User> + '_ {\n    unimplemented!()\n}\n```\n\nBut when it comes to supporting this in traits, there are [a few implementation\nissues][async-is-hard]. One of them is returning `impl Trait` in traits is not\nsupported, as it would require [Generic Associated Types] to be supported:\n\n```edition2018,ignore (example-of-desugaring-equivalence)\nimpl MyDatabase {\n    async fn get_user(&self) -> User {\n        unimplemented!()\n    }\n}\n\nimpl MyDatabase {\n    fn get_user(&self) -> impl Future<Output = User> + '_ {\n        unimplemented!()\n    }\n}\n```\n\nUntil these issues are resolved, you can use the [`async-trait` crate], allowing\nyou to use `async fn` in traits by desugaring to \"boxed futures\"\n(`Pin<Box<dyn Future + Send + 'async>>`).\n\nNote that using these trait methods will result in a heap allocation\nper-function-call. This is not a significant cost for the vast majority of\napplications, but should be considered when deciding whether to use this\nfunctionality in the public API of a low-level function that is expected to be\ncalled millions of times a second.\n\nYou might be interested in visiting the [async book] for further information.\n\n[`async-trait` crate]: https://crates.io/crates/async-trait\n[async-is-hard]: https://smallcultfollowing.com/babysteps/blog/2019/10/26/async-fn-in-traits-are-hard/\n[Generic Associated Types]: https://github.com/rust-lang/rust/issues/44265\n[async book]: https://rust-lang.github.io/async-book/07_workarounds/05_async_in_traits.html\n"},"level":"error","spans":[{"file_name":"src/main.rs","byte_start":8053,"byte_end":8058,"line_start":188,"line_end":188,"column_start":5,"column_end":10,"is_primary":false,"text":[{"text":"    async fn step_real(&mut self, socket: &mut UdpSocket, action: u16) -> io::Result<(u64, i16, bool)> {","highlight_start":5,"highlight_end":10}],"label":"`async` because of this","suggested_replacement":null,"suggestion_applicability":null,"expansion":null},{"file_name":"src/main.rs","byte_start":8053,"byte_end":8151,"line_start":188,"line_end":188,"column_start":5,"column_end":103,"is_primary":true,"text":[{"text":"    async fn step_real(&mut self, socket: &mut UdpSocket, action: u16) -> io::Result<(u64, i16, bool)> {","highlight_start":5,"highlight_end":103}],"label":null,"suggested_replacement":null,"suggestion_applicability":null,"expansion":null}],"children":[{"message":"`async` trait functions are not currently supported","code":null,"level":"note","spans":[],"children":[],"rendered":null},{"message":"consider using the `async-trait` crate: https://crates.io/crates/async-trait","code":null,"level":"note","spans":[],"children":[],"rendered":null},{"message":"see issue #91611 <https://github.com/rust-lang/rust/issues/91611> for more information","code":null,"level":"note","spans":[],"children":[],"rendered":null}],"rendered":"\u001b[0m\u001b[1m\u001b[38;5;9merror[E0706]\u001b[0m\u001b[0m\u001b[1m: functions in traits cannot be declared `async`\u001b[0m\n\u001b[0m   \u001b[0m\u001b[0m\u001b[1m\u001b[38;5;12m--> \u001b[0m\u001b[0msrc/main.rs:188:5\u001b[0m\n\u001b[0m    \u001b[0m\u001b[0m\u001b[1m\u001b[38;5;12m|\u001b[0m\n\u001b[0m\u001b[1m\u001b[38;5;12m188\u001b[0m\u001b[0m \u001b[0m\u001b[0m\u001b[1m\u001b[38;5;12m|\u001b[0m\u001b[0m \u001b[0m\u001b[0m    async fn step_real(&mut self, socket: &mut UdpSocket, action: u16) -> io::Result<(u64, i16, bool)> {\u001b[0m\n\u001b[0m    \u001b[0m\u001b[0m\u001b[1m\u001b[38;5;12m| \u001b[0m\u001b[0m    \u001b[0m\u001b[0m\u001b[1m\u001b[38;5;12m-----\u001b[0m\u001b[0m\u001b[1m\u001b[38;5;9m^^^^^^^^^^^^^^^^^^^^^^^^^^^^^^^^^^^^^^^^^^^^^^^^^^^^^^^^^^^^^^^^^^^^^^^^^^^^^^^^^^^^^^^^^^^^^\u001b[0m\n\u001b[0m    \u001b[0m\u001b[0m\u001b[1m\u001b[38;5;12m| \u001b[0m\u001b[0m    \u001b[0m\u001b[0m\u001b[1m\u001b[38;5;12m|\u001b[0m\n\u001b[0m    \u001b[0m\u001b[0m\u001b[1m\u001b[38;5;12m| \u001b[0m\u001b[0m    \u001b[0m\u001b[0m\u001b[1m\u001b[38;5;12m`async` because of this\u001b[0m\n\u001b[0m    \u001b[0m\u001b[0m\u001b[1m\u001b[38;5;12m|\u001b[0m\n\u001b[0m    \u001b[0m\u001b[0m\u001b[1m\u001b[38;5;12m= \u001b[0m\u001b[0m\u001b[1mnote\u001b[0m\u001b[0m: `async` trait functions are not currently supported\u001b[0m\n\u001b[0m    \u001b[0m\u001b[0m\u001b[1m\u001b[38;5;12m= \u001b[0m\u001b[0m\u001b[1mnote\u001b[0m\u001b[0m: consider using the `async-trait` crate: https://crates.io/crates/async-trait\u001b[0m\n\u001b[0m    \u001b[0m\u001b[0m\u001b[1m\u001b[38;5;12m= \u001b[0m\u001b[0m\u001b[1mnote\u001b[0m\u001b[0m: see issue #91611 <https://github.com/rust-lang/rust/issues/91611> for more information\u001b[0m\n\n"}
{"message":"method `step_real` has 3 parameters but the declaration in trait `AgoraEnv::step_real` has 2","code":{"code":"E0050","explanation":"An attempted implementation of a trait method has the wrong number of function\nparameters.\n\nErroneous code example:\n\n```compile_fail,E0050\ntrait Foo {\n    fn foo(&self, x: u8) -> bool;\n}\n\nstruct Bar;\n\n// error: method `foo` has 1 parameter but the declaration in trait `Foo::foo`\n// has 2\nimpl Foo for Bar {\n    fn foo(&self) -> bool { true }\n}\n```\n\nFor example, the `Foo` trait has a method `foo` with two function parameters\n(`&self` and `u8`), but the implementation of `foo` for the type `Bar` omits\nthe `u8` parameter. To fix this error, they must have the same parameters:\n\n```\ntrait Foo {\n    fn foo(&self, x: u8) -> bool;\n}\n\nstruct Bar;\n\nimpl Foo for Bar {\n    fn foo(&self, x: u8) -> bool { // ok!\n        true\n    }\n}\n```\n"},"level":"error","spans":[{"file_name":"src/main.rs","byte_start":952,"byte_end":974,"line_start":21,"line_end":21,"column_start":24,"column_end":46,"is_primary":false,"text":[{"text":"    async fn step_real(&mut self, action: u16) -> io::Result<(u64, i16, bool)>;","highlight_start":24,"highlight_end":46}],"label":"trait requires 2 parameters","suggested_replacement":null,"suggestion_applicability":null,"expansion":null},{"file_name":"src/main.rs","byte_start":8072,"byte_end":8118,"line_start":188,"line_end":188,"column_start":24,"column_end":70,"is_primary":true,"text":[{"text":"    async fn step_real(&mut self, socket: &mut UdpSocket, action: u16) -> io::Result<(u64, i16, bool)> {","highlight_start":24,"highlight_end":70}],"label":"expected 2 parameters, found 3","suggested_replacement":null,"suggestion_applicability":null,"expansion":null}],"children":[],"rendered":"\u001b[0m\u001b[1m\u001b[38;5;9merror[E0050]\u001b[0m\u001b[0m\u001b[1m: method `step_real` has 3 parameters but the declaration in trait `AgoraEnv::step_real` has 2\u001b[0m\n\u001b[0m   \u001b[0m\u001b[0m\u001b[1m\u001b[38;5;12m--> \u001b[0m\u001b[0msrc/main.rs:188:24\u001b[0m\n\u001b[0m    \u001b[0m\u001b[0m\u001b[1m\u001b[38;5;12m|\u001b[0m\n\u001b[0m\u001b[1m\u001b[38;5;12m21\u001b[0m\u001b[0m  \u001b[0m\u001b[0m\u001b[1m\u001b[38;5;12m|\u001b[0m\u001b[0m \u001b[0m\u001b[0m    async fn step_real(&mut self, action: u16) -> io::Result<(u64, i16, bool)>;\u001b[0m\n\u001b[0m    \u001b[0m\u001b[0m\u001b[1m\u001b[38;5;12m| \u001b[0m\u001b[0m                       \u001b[0m\u001b[0m\u001b[1m\u001b[38;5;12m----------------------\u001b[0m\u001b[0m \u001b[0m\u001b[0m\u001b[1m\u001b[38;5;12mtrait requires 2 parameters\u001b[0m\n\u001b[0m\u001b[1m\u001b[38;5;12m...\u001b[0m\n\u001b[0m\u001b[1m\u001b[38;5;12m188\u001b[0m\u001b[0m \u001b[0m\u001b[0m\u001b[1m\u001b[38;5;12m|\u001b[0m\u001b[0m \u001b[0m\u001b[0m    async fn step_real(&mut self, socket: &mut UdpSocket, action: u16) -> io::Result<(u64, i16, bool)> {\u001b[0m\n\u001b[0m    \u001b[0m\u001b[0m\u001b[1m\u001b[38;5;12m| \u001b[0m\u001b[0m                       \u001b[0m\u001b[0m\u001b[1m\u001b[38;5;9m^^^^^^^^^^^^^^^^^^^^^^^^^^^^^^^^^^^^^^^^^^^^^^\u001b[0m\u001b[0m \u001b[0m\u001b[0m\u001b[1m\u001b[38;5;9mexpected 2 parameters, found 3\u001b[0m\n\n"}
{"message":"mismatched types","code":{"code":"E0308","explanation":"Expected type did not match the received type.\n\nErroneous code examples:\n\n```compile_fail,E0308\nfn plus_one(x: i32) -> i32 {\n    x + 1\n}\n\nplus_one(\"Not a number\");\n//       ^^^^^^^^^^^^^^ expected `i32`, found `&str`\n\nif \"Not a bool\" {\n// ^^^^^^^^^^^^ expected `bool`, found `&str`\n}\n\nlet x: f32 = \"Not a float\";\n//     ---   ^^^^^^^^^^^^^ expected `f32`, found `&str`\n//     |\n//     expected due to this\n```\n\nThis error occurs when an expression was used in a place where the compiler\nexpected an expression of a different type. It can occur in several cases, the\nmost common being when calling a function and passing an argument which has a\ndifferent type than the matching type in the function declaration.\n"},"level":"error","spans":[{"file_name":"src/main.rs","byte_start":9618,"byte_end":9634,"line_start":219,"line_end":219,"column_start":96,"column_end":112,"is_primary":true,"text":[{"text":"        let curr_latency_reward_done = MyAgoraEnv::compute_curr_latency_reward_done_real(self, absolute_latency);","highlight_start":96,"highlight_end":112}],"label":"expected `f32`, found `u64`","suggested_replacement":null,"suggestion_applicability":null,"expansion":null},{"file_name":"src/main.rs","byte_start":9562,"byte_end":9611,"line_start":219,"line_end":219,"column_start":40,"column_end":89,"is_primary":false,"text":[{"text":"        let curr_latency_reward_done = MyAgoraEnv::compute_curr_latency_reward_done_real(self, absolute_latency);","highlight_start":40,"highlight_end":89}],"label":"arguments to this function are incorrect","suggested_replacement":null,"suggestion_applicability":null,"expansion":null}],"children":[{"message":"method defined here","code":null,"level":"note","spans":[{"file_name":"src/main.rs","byte_start":732,"byte_end":769,"line_start":19,"line_end":19,"column_start":8,"column_end":45,"is_primary":true,"text":[{"text":"    fn compute_curr_latency_reward_done_real(&mut self, absolute_latency: f32) -> (u16, i16, bool);","highlight_start":8,"highlight_end":45}],"label":null,"suggested_replacement":null,"suggestion_applicability":null,"expansion":null}],"children":[],"rendered":null},{"message":"you can cast a `u64` to an `f32`, producing the floating point representation of the integer, rounded if necessary","code":null,"level":"help","spans":[{"file_name":"src/main.rs","byte_start":9634,"byte_end":9634,"line_start":219,"line_end":219,"column_start":112,"column_end":112,"is_primary":true,"text":[{"text":"        let curr_latency_reward_done = MyAgoraEnv::compute_curr_latency_reward_done_real(self, absolute_latency);","highlight_start":112,"highlight_end":112}],"label":null,"suggested_replacement":" as f32","suggestion_applicability":"MaybeIncorrect","expansion":null}],"children":[],"rendered":null}],"rendered":"\u001b[0m\u001b[1m\u001b[38;5;9merror[E0308]\u001b[0m\u001b[0m\u001b[1m: mismatched types\u001b[0m\n\u001b[0m   \u001b[0m\u001b[0m\u001b[1m\u001b[38;5;12m--> \u001b[0m\u001b[0msrc/main.rs:219:96\u001b[0m\n\u001b[0m    \u001b[0m\u001b[0m\u001b[1m\u001b[38;5;12m|\u001b[0m\n\u001b[0m\u001b[1m\u001b[38;5;12m219\u001b[0m\u001b[0m \u001b[0m\u001b[0m\u001b[1m\u001b[38;5;12m|\u001b[0m\u001b[0m \u001b[0m\u001b[0m        let curr_latency_reward_done = MyAgoraEnv::compute_curr_latency_reward_done_real(self, absolute_latency);\u001b[0m\n\u001b[0m    \u001b[0m\u001b[0m\u001b[1m\u001b[38;5;12m| \u001b[0m\u001b[0m                                       \u001b[0m\u001b[0m\u001b[1m\u001b[38;5;12m-------------------------------------------------\u001b[0m\u001b[0m       \u001b[0m\u001b[0m\u001b[1m\u001b[38;5;9m^^^^^^^^^^^^^^^^\u001b[0m\u001b[0m \u001b[0m\u001b[0m\u001b[1m\u001b[38;5;9mexpected `f32`, found `u64`\u001b[0m\n\u001b[0m    \u001b[0m\u001b[0m\u001b[1m\u001b[38;5;12m| \u001b[0m\u001b[0m                                       \u001b[0m\u001b[0m\u001b[1m\u001b[38;5;12m|\u001b[0m\n\u001b[0m    \u001b[0m\u001b[0m\u001b[1m\u001b[38;5;12m| \u001b[0m\u001b[0m                                       \u001b[0m\u001b[0m\u001b[1m\u001b[38;5;12marguments to this function are incorrect\u001b[0m\n\u001b[0m    \u001b[0m\u001b[0m\u001b[1m\u001b[38;5;12m|\u001b[0m\n\u001b[0m\u001b[1m\u001b[38;5;10mnote\u001b[0m\u001b[0m: method defined here\u001b[0m\n\u001b[0m   \u001b[0m\u001b[0m\u001b[1m\u001b[38;5;12m--> \u001b[0m\u001b[0msrc/main.rs:19:8\u001b[0m\n\u001b[0m    \u001b[0m\u001b[0m\u001b[1m\u001b[38;5;12m|\u001b[0m\n\u001b[0m\u001b[1m\u001b[38;5;12m19\u001b[0m\u001b[0m  \u001b[0m\u001b[0m\u001b[1m\u001b[38;5;12m|\u001b[0m\u001b[0m \u001b[0m\u001b[0m    fn compute_curr_latency_reward_done_real(&mut self, absolute_latency: f32) -> (u16, i16, bool);\u001b[0m\n\u001b[0m    \u001b[0m\u001b[0m\u001b[1m\u001b[38;5;12m| \u001b[0m\u001b[0m       \u001b[0m\u001b[0m\u001b[1m\u001b[38;5;10m^^^^^^^^^^^^^^^^^^^^^^^^^^^^^^^^^^^^^\u001b[0m\n\u001b[0m\u001b[1m\u001b[38;5;14mhelp\u001b[0m\u001b[0m: you can cast a `u64` to an `f32`, producing the floating point representation of the integer, rounded if necessary\u001b[0m\n\u001b[0m    \u001b[0m\u001b[0m\u001b[1m\u001b[38;5;12m|\u001b[0m\n\u001b[0m\u001b[1m\u001b[38;5;12m219\u001b[0m\u001b[0m \u001b[0m\u001b[0m\u001b[1m\u001b[38;5;12m| \u001b[0m\u001b[0m        let curr_latency_reward_done = MyAgoraEnv::compute_curr_latency_reward_done_real(self, absolute_latency\u001b[0m\u001b[0m\u001b[38;5;10m as f32\u001b[0m\u001b[0m);\u001b[0m\n\u001b[0m    \u001b[0m\u001b[0m\u001b[1m\u001b[38;5;12m|\u001b[0m\u001b[0m                                                                                                                 \u001b[0m\u001b[0m\u001b[38;5;10m++++++\u001b[0m\n\n"}
{"message":"method `step_real` has an incompatible type for trait","code":{"code":"E0053","explanation":"The parameters of any trait method must match between a trait implementation\nand the trait definition.\n\nErroneous code example:\n\n```compile_fail,E0053\ntrait Foo {\n    fn foo(x: u16);\n    fn bar(&self);\n}\n\nstruct Bar;\n\nimpl Foo for Bar {\n    // error, expected u16, found i16\n    fn foo(x: i16) { }\n\n    // error, types differ in mutability\n    fn bar(&mut self) { }\n}\n```\n"},"level":"error","spans":[{"file_name":"src/main.rs","byte_start":8123,"byte_end":8151,"line_start":188,"line_end":188,"column_start":75,"column_end":103,"is_primary":true,"text":[{"text":"    async fn step_real(&mut self, socket: &mut UdpSocket, action: u16) -> io::Result<(u64, i16, bool)> {","highlight_start":75,"highlight_end":103}],"label":"incorrect number of function parameters","suggested_replacement":null,"suggestion_applicability":null,"expansion":{"span":{"file_name":"src/main.rs","byte_start":8123,"byte_end":8151,"line_start":188,"line_end":188,"column_start":75,"column_end":103,"is_primary":false,"text":[{"text":"    async fn step_real(&mut self, socket: &mut UdpSocket, action: u16) -> io::Result<(u64, i16, bool)> {","highlight_start":75,"highlight_end":103}],"label":null,"suggested_replacement":null,"suggestion_applicability":null,"expansion":null},"macro_decl_name":"desugaring of `async` block or function","def_site_span":{"file_name":"src/main.rs","byte_start":0,"byte_end":0,"line_start":1,"line_end":1,"column_start":1,"column_end":1,"is_primary":false,"text":[],"label":null,"suggested_replacement":null,"suggestion_applicability":null,"expansion":null}}}],"children":[{"message":"type in trait","code":null,"level":"note","spans":[{"file_name":"src/main.rs","byte_start":933,"byte_end":1008,"line_start":21,"line_end":21,"column_start":5,"column_end":80,"is_primary":true,"text":[{"text":"    async fn step_real(&mut self, action: u16) -> io::Result<(u64, i16, bool)>;","highlight_start":5,"highlight_end":80}],"label":null,"suggested_replacement":null,"suggestion_applicability":null,"expansion":null}],"children":[],"rendered":null},{"message":"expected signature `fn(&mut MyAgoraEnv, u16) -> _`\n   found signature `fn(&mut MyAgoraEnv, &mut tokio::net::UdpSocket, u16) -> _`","code":null,"level":"note","spans":[],"children":[],"rendered":null}],"rendered":"\u001b[0m\u001b[1m\u001b[38;5;9merror[E0053]\u001b[0m\u001b[0m\u001b[1m: method `step_real` has an incompatible type for trait\u001b[0m\n\u001b[0m   \u001b[0m\u001b[0m\u001b[1m\u001b[38;5;12m--> \u001b[0m\u001b[0msrc/main.rs:188:75\u001b[0m\n\u001b[0m    \u001b[0m\u001b[0m\u001b[1m\u001b[38;5;12m|\u001b[0m\n\u001b[0m\u001b[1m\u001b[38;5;12m188\u001b[0m\u001b[0m \u001b[0m\u001b[0m\u001b[1m\u001b[38;5;12m|\u001b[0m\u001b[0m \u001b[0m\u001b[0m    async fn step_real(&mut self, socket: &mut UdpSocket, action: u16) -> io::Result<(u64, i16, bool)> {\u001b[0m\n\u001b[0m    \u001b[0m\u001b[0m\u001b[1m\u001b[38;5;12m| \u001b[0m\u001b[0m                                                                          \u001b[0m\u001b[0m\u001b[1m\u001b[38;5;9m^^^^^^^^^^^^^^^^^^^^^^^^^^^^\u001b[0m\u001b[0m \u001b[0m\u001b[0m\u001b[1m\u001b[38;5;9mincorrect number of function parameters\u001b[0m\n\u001b[0m    \u001b[0m\u001b[0m\u001b[1m\u001b[38;5;12m|\u001b[0m\n\u001b[0m\u001b[1m\u001b[38;5;10mnote\u001b[0m\u001b[0m: type in trait\u001b[0m\n\u001b[0m   \u001b[0m\u001b[0m\u001b[1m\u001b[38;5;12m--> \u001b[0m\u001b[0msrc/main.rs:21:5\u001b[0m\n\u001b[0m    \u001b[0m\u001b[0m\u001b[1m\u001b[38;5;12m|\u001b[0m\n\u001b[0m\u001b[1m\u001b[38;5;12m21\u001b[0m\u001b[0m  \u001b[0m\u001b[0m\u001b[1m\u001b[38;5;12m|\u001b[0m\u001b[0m \u001b[0m\u001b[0m    async fn step_real(&mut self, action: u16) -> io::Result<(u64, i16, bool)>;\u001b[0m\n\u001b[0m    \u001b[0m\u001b[0m\u001b[1m\u001b[38;5;12m| \u001b[0m\u001b[0m    \u001b[0m\u001b[0m\u001b[1m\u001b[38;5;10m^^^^^^^^^^^^^^^^^^^^^^^^^^^^^^^^^^^^^^^^^^^^^^^^^^^^^^^^^^^^^^^^^^^^^^^^^^^\u001b[0m\n\u001b[0m    \u001b[0m\u001b[0m\u001b[1m\u001b[38;5;12m= \u001b[0m\u001b[0m\u001b[1mnote\u001b[0m\u001b[0m: expected signature `fn(\u001b[0m\u001b[0m\u001b[1m&mut MyAgoraEnv, u16\u001b[0m\u001b[0m) -> _`\u001b[0m\n\u001b[0m               found signature `fn(\u001b[0m\u001b[0m\u001b[1m&mut MyAgoraEnv, &mut tokio::net::UdpSocket, u16\u001b[0m\u001b[0m) -> _`\u001b[0m\n\n"}
{"message":"aborting due to 6 previous errors","code":null,"level":"error","spans":[],"children":[],"rendered":"\u001b[0m\u001b[1m\u001b[38;5;9merror\u001b[0m\u001b[0m\u001b[1m: aborting due to 6 previous errors\u001b[0m\n\n"}
{"message":"Some errors have detailed explanations: E0050, E0053, E0308, E0706.","code":null,"level":"failure-note","spans":[],"children":[],"rendered":"\u001b[0m\u001b[1mSome errors have detailed explanations: E0050, E0053, E0308, E0706.\u001b[0m\n"}
{"message":"For more information about an error, try `rustc --explain E0050`.","code":null,"level":"failure-note","spans":[],"children":[],"rendered":"\u001b[0m\u001b[1mFor more information about an error, try `rustc --explain E0050`.\u001b[0m\n"}
